{"/Users/utmalik/CRM_July/src/Controllers/authControllers.js": {"path":"/Users/utmalik/CRM_July/src/Controllers/authControllers.js","statementMap":{"0":{"start":{"line":1,"column":15},"end":{"line":1,"column":32}},"1":{"start":{"line":2,"column":18},"end":{"line":2,"column":48}},"2":{"start":{"line":3,"column":34},"end":{"line":3,"column":63}},"3":{"start":{"line":4,"column":12},"end":{"line":4,"column":35}},"4":{"start":{"line":5,"column":22},"end":{"line":5,"column":55}},"5":{"start":{"line":6,"column":30},"end":{"line":6,"column":60}},"6":{"start":{"line":7,"column":22},"end":{"line":7,"column":49}},"7":{"start":{"line":9,"column":17},"end":{"line":48,"column":1}},"8":{"start":{"line":11,"column":54},"end":{"line":11,"column":62}},"9":{"start":{"line":14,"column":27},"end":{"line":14,"column":56}},"10":{"start":{"line":16,"column":17},"end":{"line":23,"column":5}},"11":{"start":{"line":25,"column":20},"end":{"line":25,"column":39}},"12":{"start":{"line":27,"column":4},"end":{"line":37,"column":5}},"13":{"start":{"line":28,"column":8},"end":{"line":28,"column":29}},"14":{"start":{"line":29,"column":8},"end":{"line":29,"column":76}},"15":{"start":{"line":32,"column":8},"end":{"line":34,"column":9}},"16":{"start":{"line":33,"column":12},"end":{"line":33,"column":97}},"17":{"start":{"line":36,"column":8},"end":{"line":36,"column":58}},"18":{"start":{"line":50,"column":14},"end":{"line":94,"column":1}},"19":{"start":{"line":51,"column":31},"end":{"line":51,"column":39}},"20":{"start":{"line":53,"column":4},"end":{"line":55,"column":5}},"21":{"start":{"line":54,"column":8},"end":{"line":54,"column":79}},"22":{"start":{"line":57,"column":4},"end":{"line":92,"column":5}},"23":{"start":{"line":58,"column":20},"end":{"line":58,"column":60}},"24":{"start":{"line":60,"column":6},"end":{"line":62,"column":7}},"25":{"start":{"line":61,"column":8},"end":{"line":61,"column":78}},"26":{"start":{"line":65,"column":30},"end":{"line":65,"column":73}},"27":{"start":{"line":67,"column":6},"end":{"line":69,"column":7}},"28":{"start":{"line":68,"column":12},"end":{"line":68,"column":70}},"29":{"start":{"line":71,"column":6},"end":{"line":73,"column":7}},"30":{"start":{"line":72,"column":8},"end":{"line":72,"column":86}},"31":{"start":{"line":76,"column":19},"end":{"line":76,"column":81}},"32":{"start":{"line":78,"column":31},"end":{"line":78,"column":46}},"33":{"start":{"line":79,"column":8},"end":{"line":79,"column":46}},"34":{"start":{"line":81,"column":5},"end":{"line":88,"column":7}},"35":{"start":{"line":91,"column":8},"end":{"line":91,"column":58}},"36":{"start":{"line":96,"column":0},"end":{"line":99,"column":1}}},"fnMap":{"0":{"name":"(anonymous_0)","decl":{"start":{"line":9,"column":17},"end":{"line":9,"column":18}},"loc":{"start":{"line":9,"column":34},"end":{"line":48,"column":1}},"line":9},"1":{"name":"(anonymous_1)","decl":{"start":{"line":50,"column":14},"end":{"line":50,"column":15}},"loc":{"start":{"line":50,"column":31},"end":{"line":94,"column":1}},"line":50}},"branchMap":{"0":{"loc":{"start":{"line":22,"column":19},"end":{"line":22,"column":89}},"type":"cond-expr","locations":[{"start":{"line":22,"column":51},"end":{"line":22,"column":70}},{"start":{"line":22,"column":71},"end":{"line":22,"column":89}}],"line":22},"1":{"loc":{"start":{"line":32,"column":8},"end":{"line":34,"column":9}},"type":"if","locations":[{"start":{"line":32,"column":8},"end":{"line":34,"column":9}},{"start":{},"end":{}}],"line":32},"2":{"loc":{"start":{"line":53,"column":4},"end":{"line":55,"column":5}},"type":"if","locations":[{"start":{"line":53,"column":4},"end":{"line":55,"column":5}},{"start":{},"end":{}}],"line":53},"3":{"loc":{"start":{"line":53,"column":7},"end":{"line":53,"column":27}},"type":"binary-expr","locations":[{"start":{"line":53,"column":7},"end":{"line":53,"column":14}},{"start":{"line":53,"column":18},"end":{"line":53,"column":27}}],"line":53},"4":{"loc":{"start":{"line":60,"column":6},"end":{"line":62,"column":7}},"type":"if","locations":[{"start":{"line":60,"column":6},"end":{"line":62,"column":7}},{"start":{},"end":{}}],"line":60},"5":{"loc":{"start":{"line":67,"column":6},"end":{"line":69,"column":7}},"type":"if","locations":[{"start":{"line":67,"column":6},"end":{"line":69,"column":7}},{"start":{},"end":{}}],"line":67},"6":{"loc":{"start":{"line":71,"column":6},"end":{"line":73,"column":7}},"type":"if","locations":[{"start":{"line":71,"column":6},"end":{"line":73,"column":7}},{"start":{},"end":{}}],"line":71}},"s":{"0":1,"1":1,"2":1,"3":1,"4":1,"5":1,"6":1,"7":1,"8":1,"9":1,"10":1,"11":1,"12":1,"13":1,"14":1,"15":0,"16":0,"17":0,"18":1,"19":5,"20":5,"21":0,"22":5,"23":5,"24":4,"25":1,"26":3,"27":3,"28":1,"29":2,"30":1,"31":1,"32":1,"33":1,"34":1,"35":1,"36":1},"f":{"0":1,"1":5},"b":{"0":[1,0],"1":[0,0],"2":[0,5],"3":[5,5],"4":[1,3],"5":[1,2],"6":[1,1]},"_coverageSchema":"1a1c01bbd47fc00a2c39e90264f33305004495a9","hash":"a289d0c903e3bbfb50c02cae8b0a7e4f20c648b4"}
,"/Users/utmalik/CRM_July/src/Models/userModel.js": {"path":"/Users/utmalik/CRM_July/src/Models/userModel.js","statementMap":{"0":{"start":{"line":1,"column":17},"end":{"line":1,"column":36}},"1":{"start":{"line":2,"column":18},"end":{"line":2,"column":38}},"2":{"start":{"line":3,"column":34},"end":{"line":3,"column":63}},"3":{"start":{"line":5,"column":19},"end":{"line":43,"column":20}},"4":{"start":{"line":46,"column":0},"end":{"line":46,"column":53}}},"fnMap":{},"branchMap":{},"s":{"0":1,"1":1,"2":1,"3":1,"4":1},"f":{},"b":{},"_coverageSchema":"1a1c01bbd47fc00a2c39e90264f33305004495a9","hash":"31edb3b348f5895f1dfe4e5a1cfae78588e68b8b"}
,"/Users/utmalik/CRM_July/src/scripts/login.js": {"path":"/Users/utmalik/CRM_July/src/scripts/login.js","statementMap":{"0":{"start":{"line":3,"column":18},"end":{"line":31,"column":1}},"1":{"start":{"line":5,"column":4},"end":{"line":30,"column":5}},"2":{"start":{"line":36,"column":0},"end":{"line":38,"column":1}}},"fnMap":{"0":{"name":"(anonymous_0)","decl":{"start":{"line":3,"column":18},"end":{"line":3,"column":19}},"loc":{"start":{"line":3,"column":25},"end":{"line":31,"column":1}},"line":3}},"branchMap":{},"s":{"0":1,"1":1,"2":1},"f":{"0":1},"b":{},"_coverageSchema":"1a1c01bbd47fc00a2c39e90264f33305004495a9","hash":"4b6b5a52c4f989f6daf2afbe02fbf72b7bfde731"}
,"/Users/utmalik/CRM_July/src/scripts/register.js": {"path":"/Users/utmalik/CRM_July/src/scripts/register.js","statementMap":{"0":{"start":{"line":3,"column":26},"end":{"line":34,"column":1}},"1":{"start":{"line":5,"column":4},"end":{"line":33,"column":5}},"2":{"start":{"line":39,"column":0},"end":{"line":41,"column":1}}},"fnMap":{"0":{"name":"(anonymous_0)","decl":{"start":{"line":3,"column":26},"end":{"line":3,"column":27}},"loc":{"start":{"line":3,"column":33},"end":{"line":34,"column":1}},"line":3}},"branchMap":{},"s":{"0":1,"1":0,"2":1},"f":{"0":0},"b":{},"_coverageSchema":"1a1c01bbd47fc00a2c39e90264f33305004495a9","hash":"4ac060f336f6347cd7c8a8edfb1aa2c865cb041d"}
,"/Users/utmalik/CRM_July/src/utils/Notifications.js": {"path":"/Users/utmalik/CRM_July/src/utils/Notifications.js","statementMap":{"0":{"start":{"line":1,"column":19},"end":{"line":1,"column":40}},"1":{"start":{"line":4,"column":18},"end":{"line":34,"column":1}},"2":{"start":{"line":6,"column":26},"end":{"line":6,"column":47}},"3":{"start":{"line":9,"column":27},"end":{"line":15,"column":6}},"4":{"start":{"line":17,"column":22},"end":{"line":22,"column":5}},"5":{"start":{"line":25,"column":4},"end":{"line":32,"column":6}},"6":{"start":{"line":27,"column":8},"end":{"line":31,"column":9}},"7":{"start":{"line":28,"column":12},"end":{"line":28,"column":56}},"8":{"start":{"line":30,"column":12},"end":{"line":30,"column":50}},"9":{"start":{"line":37,"column":0},"end":{"line":39,"column":1}}},"fnMap":{"0":{"name":"(anonymous_0)","decl":{"start":{"line":4,"column":18},"end":{"line":4,"column":19}},"loc":{"start":{"line":4,"column":48},"end":{"line":34,"column":1}},"line":4},"1":{"name":"(anonymous_1)","decl":{"start":{"line":25,"column":42},"end":{"line":25,"column":43}},"loc":{"start":{"line":25,"column":54},"end":{"line":32,"column":5}},"line":25}},"branchMap":{"0":{"loc":{"start":{"line":27,"column":8},"end":{"line":31,"column":9}},"type":"if","locations":[{"start":{"line":27,"column":8},"end":{"line":31,"column":9}},{"start":{"line":29,"column":13},"end":{"line":31,"column":9}}],"line":27}},"s":{"0":1,"1":1,"2":1,"3":1,"4":1,"5":1,"6":0,"7":0,"8":0,"9":1},"f":{"0":1,"1":0},"b":{"0":[0,0]},"_coverageSchema":"1a1c01bbd47fc00a2c39e90264f33305004495a9","hash":"774d6e2ab3047db0f8472ad9e431d3926c94b915"}
,"/Users/utmalik/CRM_July/src/utils/constants.js": {"path":"/Users/utmalik/CRM_July/src/utils/constants.js","statementMap":{"0":{"start":{"line":3,"column":17},"end":{"line":8,"column":1}},"1":{"start":{"line":10,"column":19},"end":{"line":15,"column":1}},"2":{"start":{"line":17,"column":16},"end":{"line":21,"column":1}},"3":{"start":{"line":24,"column":0},"end":{"line":28,"column":1}}},"fnMap":{},"branchMap":{},"s":{"0":1,"1":1,"2":1,"3":1},"f":{},"b":{},"_coverageSchema":"1a1c01bbd47fc00a2c39e90264f33305004495a9","hash":"18b4713f644b205590dab577af908c3484321692"}
,"/Users/utmalik/CRM_July/tests/db.js": {"path":"/Users/utmalik/CRM_July/tests/db.js","statementMap":{"0":{"start":{"line":1,"column":18},"end":{"line":1,"column":37}},"1":{"start":{"line":2,"column":28},"end":{"line":2,"column":60}},"2":{"start":{"line":3,"column":0},"end":{"line":3,"column":26}},"3":{"start":{"line":8,"column":0},"end":{"line":18,"column":1}},"4":{"start":{"line":9,"column":4},"end":{"line":17,"column":5}},"5":{"start":{"line":10,"column":8},"end":{"line":10,"column":50}},"6":{"start":{"line":11,"column":20},"end":{"line":11,"column":35}},"7":{"start":{"line":12,"column":29},"end":{"line":15,"column":9}},"8":{"start":{"line":16,"column":8},"end":{"line":16,"column":44}},"9":{"start":{"line":21,"column":0},"end":{"line":28,"column":1}},"10":{"start":{"line":23,"column":3},"end":{"line":23,"column":44}},"11":{"start":{"line":24,"column":4},"end":{"line":24,"column":38}},"12":{"start":{"line":25,"column":4},"end":{"line":26,"column":28}},"13":{"start":{"line":26,"column":8},"end":{"line":26,"column":28}},"14":{"start":{"line":31,"column":0},"end":{"line":37,"column":1}},"15":{"start":{"line":32,"column":24},"end":{"line":32,"column":55}},"16":{"start":{"line":33,"column":4},"end":{"line":36,"column":5}},"17":{"start":{"line":34,"column":27},"end":{"line":34,"column":43}},"18":{"start":{"line":35,"column":8},"end":{"line":35,"column":32}}},"fnMap":{"0":{"name":"(anonymous_0)","decl":{"start":{"line":8,"column":25},"end":{"line":8,"column":26}},"loc":{"start":{"line":8,"column":37},"end":{"line":18,"column":1}},"line":8},"1":{"name":"(anonymous_1)","decl":{"start":{"line":21,"column":31},"end":{"line":21,"column":32}},"loc":{"start":{"line":21,"column":43},"end":{"line":28,"column":1}},"line":21},"2":{"name":"(anonymous_2)","decl":{"start":{"line":31,"column":31},"end":{"line":31,"column":32}},"loc":{"start":{"line":31,"column":43},"end":{"line":37,"column":1}},"line":31}},"branchMap":{"0":{"loc":{"start":{"line":9,"column":4},"end":{"line":17,"column":5}},"type":"if","locations":[{"start":{"line":9,"column":4},"end":{"line":17,"column":5}},{"start":{},"end":{}}],"line":9},"1":{"loc":{"start":{"line":25,"column":4},"end":{"line":26,"column":28}},"type":"if","locations":[{"start":{"line":25,"column":4},"end":{"line":26,"column":28}},{"start":{},"end":{}}],"line":25}},"s":{"0":1,"1":1,"2":1,"3":1,"4":1,"5":1,"6":1,"7":1,"8":1,"9":1,"10":1,"11":1,"12":1,"13":1,"14":1,"15":6,"16":6,"17":6,"18":6},"f":{"0":1,"1":1,"2":6},"b":{"0":[1,0],"1":[1,0]},"_coverageSchema":"1a1c01bbd47fc00a2c39e90264f33305004495a9","hash":"f01c8634b1a5980bed5f5d57dfacc49519ab0a6f"}
,"/Users/utmalik/CRM_July/tests/interceptor.js": {"path":"/Users/utmalik/CRM_July/tests/interceptor.js","statementMap":{"0":{"start":{"line":3,"column":21},"end":{"line":17,"column":1}},"1":{"start":{"line":6,"column":18},"end":{"line":6,"column":20}},"2":{"start":{"line":7,"column":8},"end":{"line":8,"column":51}},"3":{"start":{"line":9,"column":8},"end":{"line":9,"column":19}},"4":{"start":{"line":12,"column":18},"end":{"line":12,"column":20}},"5":{"start":{"line":13,"column":8},"end":{"line":14,"column":51}},"6":{"start":{"line":15,"column":8},"end":{"line":15,"column":19}},"7":{"start":{"line":19,"column":0},"end":{"line":19,"column":28}}},"fnMap":{"0":{"name":"(anonymous_0)","decl":{"start":{"line":5,"column":16},"end":{"line":5,"column":17}},"loc":{"start":{"line":5,"column":20},"end":{"line":10,"column":5}},"line":5},"1":{"name":"(anonymous_1)","decl":{"start":{"line":11,"column":17},"end":{"line":11,"column":18}},"loc":{"start":{"line":11,"column":21},"end":{"line":16,"column":5}},"line":11}},"branchMap":{},"s":{"0":1,"1":6,"2":6,"3":6,"4":6,"5":6,"6":6,"7":1},"f":{"0":6,"1":6},"b":{},"_coverageSchema":"1a1c01bbd47fc00a2c39e90264f33305004495a9","hash":"206db1423d98a592c7ef0eced10f2e0642404935"}
}
