TN:
SF:src/Controllers/authControllers.js
FN:9,(anonymous_0)
FN:50,(anonymous_1)
FNF:2
FNH:2
FNDA:1,(anonymous_0)
FNDA:5,(anonymous_1)
DA:1,1
DA:2,1
DA:3,1
DA:4,1
DA:5,1
DA:6,1
DA:7,1
DA:9,1
DA:11,1
DA:14,1
DA:16,1
DA:25,1
DA:27,1
DA:28,1
DA:29,1
DA:32,0
DA:33,0
DA:36,0
DA:50,1
DA:51,5
DA:53,5
DA:54,0
DA:57,5
DA:58,5
DA:60,4
DA:61,1
DA:65,3
DA:67,3
DA:68,1
DA:71,2
DA:72,1
DA:76,1
DA:78,1
DA:79,1
DA:81,1
DA:91,1
DA:96,1
LF:37
LH:33
BRDA:22,0,0,1
BRDA:22,0,1,0
BRDA:32,1,0,0
BRDA:32,1,1,0
BRDA:53,2,0,0
BRDA:53,2,1,5
BRDA:53,3,0,5
BRDA:53,3,1,5
BRDA:60,4,0,1
BRDA:60,4,1,3
BRDA:67,5,0,1
BRDA:67,5,1,2
BRDA:71,6,0,1
BRDA:71,6,1,1
BRF:14
BRH:10
end_of_record
TN:
SF:src/Models/userModel.js
FNF:0
FNH:0
DA:1,1
DA:2,1
DA:3,1
DA:5,1
DA:46,1
LF:5
LH:5
BRF:0
BRH:0
end_of_record
TN:
SF:src/scripts/login.js
FN:3,(anonymous_0)
FNF:1
FNH:1
FNDA:1,(anonymous_0)
DA:3,1
DA:5,1
DA:36,1
LF:3
LH:3
BRF:0
BRH:0
end_of_record
TN:
SF:src/scripts/register.js
FN:3,(anonymous_0)
FNF:1
FNH:0
FNDA:0,(anonymous_0)
DA:3,1
DA:5,0
DA:39,1
LF:3
LH:2
BRF:0
BRH:0
end_of_record
TN:
SF:src/utils/Notifications.js
FN:4,(anonymous_0)
FN:25,(anonymous_1)
FNF:2
FNH:1
FNDA:1,(anonymous_0)
FNDA:0,(anonymous_1)
DA:1,1
DA:4,1
DA:6,1
DA:9,1
DA:17,1
DA:25,1
DA:27,0
DA:28,0
DA:30,0
DA:37,1
LF:10
LH:7
BRDA:27,0,0,0
BRDA:27,0,1,0
BRF:2
BRH:0
end_of_record
TN:
SF:src/utils/constants.js
FNF:0
FNH:0
DA:3,1
DA:10,1
DA:17,1
DA:24,1
LF:4
LH:4
BRF:0
BRH:0
end_of_record
TN:
SF:tests/db.js
FN:8,(anonymous_0)
FN:21,(anonymous_1)
FN:31,(anonymous_2)
FNF:3
FNH:3
FNDA:1,(anonymous_0)
FNDA:1,(anonymous_1)
FNDA:6,(anonymous_2)
DA:1,1
DA:2,1
DA:3,1
DA:8,1
DA:9,1
DA:10,1
DA:11,1
DA:12,1
DA:16,1
DA:21,1
DA:23,1
DA:24,1
DA:25,1
DA:26,1
DA:31,1
DA:32,6
DA:33,6
DA:34,6
DA:35,6
LF:19
LH:19
BRDA:9,0,0,1
BRDA:9,0,1,0
BRDA:25,1,0,1
BRDA:25,1,1,0
BRF:4
BRH:2
end_of_record
TN:
SF:tests/interceptor.js
FN:5,(anonymous_0)
FN:11,(anonymous_1)
FNF:2
FNH:2
FNDA:6,(anonymous_0)
FNDA:6,(anonymous_1)
DA:3,1
DA:6,6
DA:7,6
DA:9,6
DA:12,6
DA:13,6
DA:15,6
DA:19,1
LF:8
LH:8
BRF:0
BRH:0
end_of_record
